# JRE version: Java(TM) SE Runtime Environment (8.0_202-b08) (build 1.8.0_202-b08)
# Java VM: Java HotSpot(TM) 64-Bit Server VM (25.202-b08 mixed mode windows-amd64 compressed oops)
Heap:
 PSYoungGen      total 136704K, used 57068K [0x00000000d6b00000, 0x00000000e5f00000, 0x0000000100000000)
  eden space 126976K, 37% used [0x00000000d6b00000,0x00000000d993ffe8,0x00000000de700000)
  from space 9728K, 99% used [0x00000000de700000,0x00000000df07b048,0x00000000df080000)
  to   space 12800K, 0% used [0x00000000e5280000,0x00000000e5280000,0x00000000e5f00000)
 ParOldGen       total 47616K, used 9438K [0x0000000084000000, 0x0000000086e80000, 0x00000000d6b00000)
  object space 47616K, 19% used [0x0000000084000000,0x00000000849378c0,0x0000000086e80000)
 Metaspace       used 30305K, capacity 32342K, committed 32512K, reserved 1077248K
  class space    used 3900K, capacity 4257K, committed 4352K, reserved 1048576K
GC Heap History (10 events):
Event: 1.983 GC heap before
{Heap before GC invocations=4 (full 0):
 PSYoungGen      total 36864K, used 36753K [0x00000000d6b00000, 0x00000000db300000, 0x0000000100000000)
  eden space 31744K, 100% used [0x00000000d6b00000,0x00000000d8a00000,0x00000000d8a00000)
  from space 5120K, 97% used [0x00000000d8a00000,0x00000000d8ee46c0,0x00000000d8f00000)
  to   space 5120K, 0% used [0x00000000dae00000,0x00000000dae00000,0x00000000db300000)
 ParOldGen       total 84992K, used 24K [0x0000000084000000, 0x0000000089300000, 0x00000000d6b00000)
  object space 84992K, 0% used [0x0000000084000000,0x0000000084006000,0x0000000089300000)
 Metaspace       used 14806K, capacity 15472K, committed 15616K, reserved 1062912K
  class space    used 1814K, capacity 1975K, committed 2048K, reserved 1048576K
Event: 1.989 GC heap after
Heap after GC invocations=4 (full 0):
 PSYoungGen      total 68608K, used 5095K [0x00000000d6b00000, 0x00000000db300000, 0x0000000100000000)
  eden space 63488K, 0% used [0x00000000d6b00000,0x00000000d6b00000,0x00000000da900000)
  from space 5120K, 99% used [0x00000000dae00000,0x00000000db2f9f80,0x00000000db300000)
  to   space 5120K, 0% used [0x00000000da900000,0x00000000da900000,0x00000000dae00000)
 ParOldGen       total 84992K, used 996K [0x0000000084000000, 0x0000000089300000, 0x00000000d6b00000)
  object space 84992K, 1% used [0x0000000084000000,0x00000000840f9158,0x0000000089300000)
 Metaspace       used 14806K, capacity 15472K, committed 15616K, reserved 1062912K
  class space    used 1814K, capacity 1975K, committed 2048K, reserved 1048576K
}
Event: 2.723 GC heap before
{Heap before GC invocations=5 (full 0):
 PSYoungGen      total 68608K, used 68552K [0x00000000d6b00000, 0x00000000db300000, 0x0000000100000000)
  eden space 63488K, 99% used [0x00000000d6b00000,0x00000000da8f8270,0x00000000da900000)
  from space 5120K, 99% used [0x00000000dae00000,0x00000000db2f9f80,0x00000000db300000)
  to   space 5120K, 0% used [0x00000000da900000,0x00000000da900000,0x00000000dae00000)
 ParOldGen       total 84992K, used 996K [0x0000000084000000, 0x0000000089300000, 0x00000000d6b00000)
  object space 84992K, 1% used [0x0000000084000000,0x00000000840f9158,0x0000000089300000)
 Metaspace       used 19611K, capacity 20420K, committed 20608K, reserved 1067008K
  class space    used 2454K, capacity 2669K, committed 2688K, reserved 1048576K
Event: 2.733 GC heap after
Heap after GC invocations=5 (full 0):
 PSYoungGen      total 68608K, used 5111K [0x00000000d6b00000, 0x00000000dfb00000, 0x0000000100000000)
  eden space 63488K, 0% used [0x00000000d6b00000,0x00000000d6b00000,0x00000000da900000)
  from space 5120K, 99% used [0x00000000da900000,0x00000000dadfdf78,0x00000000dae00000)
  to   space 10240K, 0% used [0x00000000df100000,0x00000000df100000,0x00000000dfb00000)
 ParOldGen       total 84992K, used 4770K [0x0000000084000000, 0x0000000089300000, 0x00000000d6b00000)
  object space 84992K, 5% used [0x0000000084000000,0x00000000844a8a30,0x0000000089300000)
 Metaspace       used 19611K, capacity 20420K, committed 20608K, reserved 1067008K
  class space    used 2454K, capacity 2669K, committed 2688K, reserved 1048576K
}
Event: 2.937 GC heap before
{Heap before GC invocations=6 (full 0):
 PSYoungGen      total 68608K, used 34125K [0x00000000d6b00000, 0x00000000dfb00000, 0x0000000100000000)
  eden space 63488K, 45% used [0x00000000d6b00000,0x00000000d8755620,0x00000000da900000)
  from space 5120K, 99% used [0x00000000da900000,0x00000000dadfdf78,0x00000000dae00000)
  to   space 10240K, 0% used [0x00000000df100000,0x00000000df100000,0x00000000dfb00000)
 ParOldGen       total 84992K, used 4770K [0x0000000084000000, 0x0000000089300000, 0x00000000d6b00000)
  object space 84992K, 5% used [0x0000000084000000,0x00000000844a8a30,0x0000000089300000)
 Metaspace       used 20302K, capacity 21170K, committed 21248K, reserved 1067008K
  class space    used 2531K, capacity 2760K, committed 2816K, reserved 1048576K
Event: 2.944 GC heap after
Heap after GC invocations=6 (full 0):
 PSYoungGen      total 136192K, used 5923K [0x00000000d6b00000, 0x00000000dfa00000, 0x0000000100000000)
  eden space 126976K, 0% used [0x00000000d6b00000,0x00000000d6b00000,0x00000000de700000)
  from space 9216K, 64% used [0x00000000df100000,0x00000000df6c8db0,0x00000000dfa00000)
  to   space 9728K, 0% used [0x00000000de700000,0x00000000de700000,0x00000000df080000)
 ParOldGen       total 84992K, used 4778K [0x0000000084000000, 0x0000000089300000, 0x00000000d6b00000)
  object space 84992K, 5% used [0x0000000084000000,0x00000000844aaa30,0x0000000089300000)
 Metaspace       used 20302K, capacity 21170K, committed 21248K, reserved 1067008K
  class space    used 2531K, capacity 2760K, committed 2816K, reserved 1048576K
}
Event: 2.944 GC heap before
{Heap before GC invocations=7 (full 1):
 PSYoungGen      total 136192K, used 5923K [0x00000000d6b00000, 0x00000000dfa00000, 0x0000000100000000)
  eden space 126976K, 0% used [0x00000000d6b00000,0x00000000d6b00000,0x00000000de700000)
  from space 9216K, 64% used [0x00000000df100000,0x00000000df6c8db0,0x00000000dfa00000)
  to   space 9728K, 0% used [0x00000000de700000,0x00000000de700000,0x00000000df080000)
 ParOldGen       total 84992K, used 4778K [0x0000000084000000, 0x0000000089300000, 0x00000000d6b00000)
  object space 84992K, 5% used [0x0000000084000000,0x00000000844aaa30,0x0000000089300000)
 Metaspace       used 20302K, capacity 21170K, committed 21248K, reserved 1067008K
  class space    used 2531K, capacity 2760K, committed 2816K, reserved 1048576K
Event: 2.981 GC heap after
Heap after GC invocations=7 (full 1):
 PSYoungGen      total 136192K, used 0K [0x00000000d6b00000, 0x00000000dfa00000, 0x0000000100000000)
  eden space 126976K, 0% used [0x00000000d6b00000,0x00000000d6b00000,0x00000000de700000)
  from space 9216K, 0% used [0x00000000df100000,0x00000000df100000,0x00000000dfa00000)
  to   space 9728K, 0% used [0x00000000de700000,0x00000000de700000,0x00000000df080000)
 ParOldGen       total 47616K, used 6279K [0x0000000084000000, 0x0000000086e80000, 0x00000000d6b00000)
  object space 47616K, 13% used [0x0000000084000000,0x0000000084621e68,0x0000000086e80000)
 Metaspace       used 20302K, capacity 21170K, committed 21248K, reserved 1067008K
  class space    used 2531K, capacity 2760K, committed 2816K, reserved 1048576K
}
Event: 5.666 GC heap before
{Heap before GC invocations=8 (full 1):
 PSYoungGen      total 136192K, used 126976K [0x00000000d6b00000, 0x00000000dfa00000, 0x0000000100000000)
  eden space 126976K, 100% used [0x00000000d6b00000,0x00000000de700000,0x00000000de700000)
  from space 9216K, 0% used [0x00000000df100000,0x00000000df100000,0x00000000dfa00000)
  to   space 9728K, 0% used [0x00000000de700000,0x00000000de700000,0x00000000df080000)
 ParOldGen       total 47616K, used 6279K [0x0000000084000000, 0x0000000086e80000, 0x00000000d6b00000)
  object space 47616K, 13% used [0x0000000084000000,0x0000000084621e68,0x0000000086e80000)
 Metaspace       used 29723K, capacity 31730K, committed 31872K, reserved 1077248K
  class space    used 3835K, capacity 4184K, committed 4224K, reserved 1048576K
Event: 5.679 GC heap after
Heap after GC invocations=8 (full 1):
 PSYoungGen      total 136704K, used 9708K [0x00000000d6b00000, 0x00000000e5f00000, 0x0000000100000000)
  eden space 126976K, 0% used [0x00000000d6b00000,0x00000000d6b00000,0x00000000de700000)
  from space 9728K, 99% used [0x00000000de700000,0x00000000df07b048,0x00000000df080000)
  to   space 12800K, 0% used [0x00000000e5280000,0x00000000e5280000,0x00000000e5f00000)
 ParOldGen       total 47616K, used 9438K [0x0000000084000000, 0x0000000086e80000, 0x00000000d6b00000)
  object space 47616K, 19% used [0x0000000084000000,0x00000000849378c0,0x0000000086e80000)
 Metaspace       used 29723K, capacity 31730K, committed 31872K, reserved 1077248K
  class space    used 3835K, capacity 4184K, committed 4224K, reserved 1048576K
}

