# JRE version: Java(TM) SE Runtime Environment (8.0_202-b08) (build 1.8.0_202-b08)
# Java VM: Java HotSpot(TM) 64-Bit Server VM (25.202-b08 mixed mode windows-amd64 compressed oops)
Heap:
 PSYoungGen      total 136192K, used 47909K [0x00000000d6b00000, 0x00000000dfa00000, 0x0000000100000000)
  eden space 126976K, 37% used [0x00000000d6b00000,0x00000000d99c96a8,0x00000000de700000)
  from space 9216K, 0% used [0x00000000df100000,0x00000000df100000,0x00000000dfa00000)
  to   space 9728K, 0% used [0x00000000de700000,0x00000000de700000,0x00000000df080000)
 ParOldGen       total 46080K, used 6222K [0x0000000084000000, 0x0000000086d00000, 0x00000000d6b00000)
  object space 46080K, 13% used [0x0000000084000000,0x0000000084613a30,0x0000000086d00000)
 Metaspace       used 22219K, capacity 23240K, committed 23552K, reserved 1069056K
  class space    used 2770K, capacity 2999K, committed 3072K, reserved 1048576K
GC Heap History (10 events):
Event: 1.973 GC heap before
{Heap before GC invocations=3 (full 0):
 PSYoungGen      total 36864K, used 33890K [0x00000000d6b00000, 0x00000000db300000, 0x0000000100000000)
  eden space 31744K, 100% used [0x00000000d6b00000,0x00000000d8a00000,0x00000000d8a00000)
  from space 5120K, 41% used [0x00000000d8f00000,0x00000000d9118828,0x00000000d9400000)
  to   space 5120K, 0% used [0x00000000d8a00000,0x00000000d8a00000,0x00000000d8f00000)
 ParOldGen       total 84992K, used 16K [0x0000000084000000, 0x0000000089300000, 0x00000000d6b00000)
  object space 84992K, 0% used [0x0000000084000000,0x0000000084004000,0x0000000089300000)
 Metaspace       used 11025K, capacity 11384K, committed 11520K, reserved 1058816K
  class space    used 1312K, capacity 1439K, committed 1536K, reserved 1048576K
Event: 1.978 GC heap after
Heap after GC invocations=3 (full 0):
 PSYoungGen      total 36864K, used 4953K [0x00000000d6b00000, 0x00000000db300000, 0x0000000100000000)
  eden space 31744K, 0% used [0x00000000d6b00000,0x00000000d6b00000,0x00000000d8a00000)
  from space 5120K, 96% used [0x00000000d8a00000,0x00000000d8ed6588,0x00000000d8f00000)
  to   space 5120K, 0% used [0x00000000dae00000,0x00000000dae00000,0x00000000db300000)
 ParOldGen       total 84992K, used 24K [0x0000000084000000, 0x0000000089300000, 0x00000000d6b00000)
  object space 84992K, 0% used [0x0000000084000000,0x0000000084006000,0x0000000089300000)
 Metaspace       used 11025K, capacity 11384K, committed 11520K, reserved 1058816K
  class space    used 1312K, capacity 1439K, committed 1536K, reserved 1048576K
}
Event: 2.399 GC heap before
{Heap before GC invocations=4 (full 0):
 PSYoungGen      total 36864K, used 36697K [0x00000000d6b00000, 0x00000000db300000, 0x0000000100000000)
  eden space 31744K, 100% used [0x00000000d6b00000,0x00000000d8a00000,0x00000000d8a00000)
  from space 5120K, 96% used [0x00000000d8a00000,0x00000000d8ed6588,0x00000000d8f00000)
  to   space 5120K, 0% used [0x00000000dae00000,0x00000000dae00000,0x00000000db300000)
 ParOldGen       total 84992K, used 24K [0x0000000084000000, 0x0000000089300000, 0x00000000d6b00000)
  object space 84992K, 0% used [0x0000000084000000,0x0000000084006000,0x0000000089300000)
 Metaspace       used 14720K, capacity 15368K, committed 15616K, reserved 1062912K
  class space    used 1805K, capacity 1943K, committed 2048K, reserved 1048576K
Event: 2.405 GC heap after
Heap after GC invocations=4 (full 0):
 PSYoungGen      total 68608K, used 5104K [0x00000000d6b00000, 0x00000000db300000, 0x0000000100000000)
  eden space 63488K, 0% used [0x00000000d6b00000,0x00000000d6b00000,0x00000000da900000)
  from space 5120K, 99% used [0x00000000dae00000,0x00000000db2fc278,0x00000000db300000)
  to   space 5120K, 0% used [0x00000000da900000,0x00000000da900000,0x00000000dae00000)
 ParOldGen       total 84992K, used 960K [0x0000000084000000, 0x0000000089300000, 0x00000000d6b00000)
  object space 84992K, 1% used [0x0000000084000000,0x00000000840f0130,0x0000000089300000)
 Metaspace       used 14720K, capacity 15368K, committed 15616K, reserved 1062912K
  class space    used 1805K, capacity 1943K, committed 2048K, reserved 1048576K
}
Event: 2.789 GC heap before
{Heap before GC invocations=5 (full 0):
 PSYoungGen      total 68608K, used 68561K [0x00000000d6b00000, 0x00000000db300000, 0x0000000100000000)
  eden space 63488K, 99% used [0x00000000d6b00000,0x00000000da8f8208,0x00000000da900000)
  from space 5120K, 99% used [0x00000000dae00000,0x00000000db2fc278,0x00000000db300000)
  to   space 5120K, 0% used [0x00000000da900000,0x00000000da900000,0x00000000dae00000)
 ParOldGen       total 84992K, used 960K [0x0000000084000000, 0x0000000089300000, 0x00000000d6b00000)
  object space 84992K, 1% used [0x0000000084000000,0x00000000840f0130,0x0000000089300000)
 Metaspace       used 19604K, capacity 20476K, committed 20608K, reserved 1067008K
  class space    used 2451K, capacity 2669K, committed 2688K, reserved 1048576K
Event: 2.799 GC heap after
Heap after GC invocations=5 (full 0):
 PSYoungGen      total 68608K, used 5095K [0x00000000d6b00000, 0x00000000dfb00000, 0x0000000100000000)
  eden space 63488K, 0% used [0x00000000d6b00000,0x00000000d6b00000,0x00000000da900000)
  from space 5120K, 99% used [0x00000000da900000,0x00000000dadf9f40,0x00000000dae00000)
  to   space 10240K, 0% used [0x00000000df100000,0x00000000df100000,0x00000000dfb00000)
 ParOldGen       total 84992K, used 4815K [0x0000000084000000, 0x0000000089300000, 0x00000000d6b00000)
  object space 84992K, 5% used [0x0000000084000000,0x00000000844b3ff8,0x0000000089300000)
 Metaspace       used 19604K, capacity 20476K, committed 20608K, reserved 1067008K
  class space    used 2451K, capacity 2669K, committed 2688K, reserved 1048576K
}
Event: 2.917 GC heap before
{Heap before GC invocations=6 (full 0):
 PSYoungGen      total 68608K, used 34342K [0x00000000d6b00000, 0x00000000dfb00000, 0x0000000100000000)
  eden space 63488K, 46% used [0x00000000d6b00000,0x00000000d878faa0,0x00000000da900000)
  from space 5120K, 99% used [0x00000000da900000,0x00000000dadf9f40,0x00000000dae00000)
  to   space 10240K, 0% used [0x00000000df100000,0x00000000df100000,0x00000000dfb00000)
 ParOldGen       total 84992K, used 4815K [0x0000000084000000, 0x0000000089300000, 0x00000000d6b00000)
  object space 84992K, 5% used [0x0000000084000000,0x00000000844b3ff8,0x0000000089300000)
 Metaspace       used 20264K, capacity 21124K, committed 21248K, reserved 1067008K
  class space    used 2526K, capacity 2751K, committed 2816K, reserved 1048576K
Event: 2.922 GC heap after
Heap after GC invocations=6 (full 0):
 PSYoungGen      total 136192K, used 5848K [0x00000000d6b00000, 0x00000000dfa00000, 0x0000000100000000)
  eden space 126976K, 0% used [0x00000000d6b00000,0x00000000d6b00000,0x00000000de700000)
  from space 9216K, 63% used [0x00000000df100000,0x00000000df6b6140,0x00000000dfa00000)
  to   space 9728K, 0% used [0x00000000de700000,0x00000000de700000,0x00000000df080000)
 ParOldGen       total 84992K, used 4823K [0x0000000084000000, 0x0000000089300000, 0x00000000d6b00000)
  object space 84992K, 5% used [0x0000000084000000,0x00000000844b5ff8,0x0000000089300000)
 Metaspace       used 20264K, capacity 21124K, committed 21248K, reserved 1067008K
  class space    used 2526K, capacity 2751K, committed 2816K, reserved 1048576K
}
Event: 2.922 GC heap before
{Heap before GC invocations=7 (full 1):
 PSYoungGen      total 136192K, used 5848K [0x00000000d6b00000, 0x00000000dfa00000, 0x0000000100000000)
  eden space 126976K, 0% used [0x00000000d6b00000,0x00000000d6b00000,0x00000000de700000)
  from space 9216K, 63% used [0x00000000df100000,0x00000000df6b6140,0x00000000dfa00000)
  to   space 9728K, 0% used [0x00000000de700000,0x00000000de700000,0x00000000df080000)
 ParOldGen       total 84992K, used 4823K [0x0000000084000000, 0x0000000089300000, 0x00000000d6b00000)
  object space 84992K, 5% used [0x0000000084000000,0x00000000844b5ff8,0x0000000089300000)
 Metaspace       used 20264K, capacity 21124K, committed 21248K, reserved 1067008K
  class space    used 2526K, capacity 2751K, committed 2816K, reserved 1048576K
Event: 2.954 GC heap after
Heap after GC invocations=7 (full 1):
 PSYoungGen      total 136192K, used 0K [0x00000000d6b00000, 0x00000000dfa00000, 0x0000000100000000)
  eden space 126976K, 0% used [0x00000000d6b00000,0x00000000d6b00000,0x00000000de700000)
  from space 9216K, 0% used [0x00000000df100000,0x00000000df100000,0x00000000dfa00000)
  to   space 9728K, 0% used [0x00000000de700000,0x00000000de700000,0x00000000df080000)
 ParOldGen       total 46080K, used 6222K [0x0000000084000000, 0x0000000086d00000, 0x00000000d6b00000)
  object space 46080K, 13% used [0x0000000084000000,0x0000000084613a30,0x0000000086d00000)
 Metaspace       used 20264K, capacity 21124K, committed 21248K, reserved 1067008K
  class space    used 2526K, capacity 2751K, committed 2816K, reserved 1048576K
}

